TN:
SF:src/diff.js
FN:5,(anonymous_0)
FN:10,(anonymous_1)
FN:13,(anonymous_2)
FN:14,(anonymous_3)
FN:37,(anonymous_4)
FNF:5
FNH:5
FNDA:12,(anonymous_0)
FNDA:4,(anonymous_1)
FNDA:28,(anonymous_2)
FNDA:19,(anonymous_3)
FNDA:6,(anonymous_4)
DA:5,2
DA:6,12
DA:7,10
DA:10,2
DA:11,4
DA:12,4
DA:13,28
DA:14,4
DA:15,19
DA:16,19
DA:17,19
DA:18,19
DA:20,19
DA:21,7
DA:23,12
DA:24,3
DA:26,9
DA:27,6
DA:29,3
DA:30,3
DA:32,0
DA:34,4
DA:37,2
DA:38,6
DA:39,6
DA:40,4
DA:41,4
DA:42,4
DA:44,0
LF:29
LH:27
BRDA:20,0,0,7
BRDA:20,0,1,12
BRDA:20,1,0,19
BRDA:20,1,1,16
BRDA:20,1,2,10
BRDA:23,2,0,3
BRDA:23,2,1,9
BRDA:23,3,0,12
BRDA:23,3,1,9
BRDA:23,3,2,3
BRDA:26,4,0,6
BRDA:26,4,1,3
BRDA:26,5,0,9
BRDA:26,5,1,6
BRDA:29,6,0,3
BRDA:29,6,1,0
BRDA:29,7,0,3
BRDA:29,7,1,3
BRDA:37,8,0,6
BRDA:41,9,0,4
BRDA:41,9,1,0
BRF:21
BRH:19
end_of_record
TN:
SF:src/parsers.js
FN:4,(anonymous_0)
FN:6,(anonymous_1)
FN:7,(anonymous_2)
FN:9,(anonymous_3)
FN:16,(anonymous_4)
FNF:5
FNH:5
FNDA:10,(anonymous_0)
FNDA:10,(anonymous_1)
FNDA:5,(anonymous_2)
FNDA:10,(anonymous_3)
FNDA:10,(anonymous_4)
DA:4,10
DA:6,10
DA:7,5
DA:9,2
DA:10,10
DA:11,10
DA:12,5
DA:13,0
DA:16,2
DA:17,10
DA:18,10
DA:19,5
DA:21,5
DA:22,5
DA:24,0
LF:15
LH:13
BRDA:7,0,0,5
BRDA:7,0,1,0
BRDA:11,1,0,5
BRDA:11,1,1,5
BRDA:12,2,0,5
BRDA:12,2,1,0
BRDA:18,3,0,5
BRDA:18,3,1,5
BRDA:21,4,0,5
BRDA:21,4,1,0
BRF:10
BRH:7
end_of_record
TN:
SF:src/formatters/stylish.js
FN:1,(anonymous_0)
FN:8,(anonymous_1)
FN:13,(anonymous_2)
FN:14,(anonymous_3)
FNF:4
FNH:4
FNDA:22,(anonymous_0)
FNDA:22,(anonymous_1)
FNDA:4,(anonymous_2)
FNDA:19,(anonymous_3)
DA:1,2
DA:2,22
DA:3,0
DA:5,22
DA:8,2
DA:9,22
DA:10,22
DA:13,2
DA:14,4
DA:15,19
DA:17,7
DA:19,6
DA:21,3
DA:23,3
DA:28,0
DA:31,4
LF:16
LH:14
BRDA:2,0,0,0
BRDA:2,0,1,22
BRDA:2,1,0,22
BRDA:2,1,1,22
BRDA:2,1,2,0
BRDA:9,2,0,7
BRDA:9,2,1,15
BRDA:15,3,0,7
BRDA:15,3,1,6
BRDA:15,3,2,3
BRDA:15,3,3,3
BRDA:15,3,4,0
BRF:12
BRH:9
end_of_record
