TN:
SF:src/diff.js
FN:4,(anonymous_0)
FN:12,(anonymous_1)
FN:17,(anonymous_2)
FN:19,(anonymous_3)
FN:26,(anonymous_4)
FN:29,(anonymous_5)
FN:31,(anonymous_6)
FN:58,(anonymous_7)
FNF:8
FNH:8
FNDA:5,(anonymous_0)
FNDA:6,(anonymous_1)
FNDA:12,(anonymous_2)
FNDA:12,(anonymous_3)
FNDA:2,(anonymous_4)
FNDA:16,(anonymous_5)
FNDA:10,(anonymous_6)
FNDA:3,(anonymous_7)
DA:4,1
DA:5,5
DA:6,5
DA:7,5
DA:9,0
DA:12,1
DA:13,6
DA:14,5
DA:17,12
DA:19,1
DA:20,12
DA:21,0
DA:23,12
DA:26,1
DA:27,2
DA:28,2
DA:29,16
DA:31,2
DA:32,10
DA:33,10
DA:34,10
DA:35,10
DA:37,10
DA:38,2
DA:40,8
DA:41,2
DA:46,6
DA:47,4
DA:49,2
DA:50,2
DA:52,0
DA:55,2
DA:58,1
DA:59,3
DA:60,3
DA:61,2
LF:36
LH:33
BRDA:6,0,0,5
BRDA:6,0,1,0
BRDA:17,1,0,12
BRDA:17,1,1,12
BRDA:17,1,2,0
BRDA:20,2,0,0
BRDA:20,2,1,12
BRDA:34,3,0,8
BRDA:34,3,1,2
BRDA:35,4,0,6
BRDA:35,4,1,4
BRDA:37,5,0,2
BRDA:37,5,1,8
BRDA:37,6,0,10
BRDA:37,6,1,8
BRDA:37,6,2,4
BRDA:40,7,0,2
BRDA:40,7,1,6
BRDA:40,8,0,8
BRDA:40,8,1,6
BRDA:40,8,2,2
BRDA:46,9,0,4
BRDA:46,9,1,2
BRDA:46,10,0,6
BRDA:46,10,1,4
BRDA:49,11,0,2
BRDA:49,11,1,0
BRDA:49,12,0,2
BRDA:49,12,1,2
BRF:29
BRH:25
end_of_record
